Compiling the C compiler identification source file "CMakeCCompilerId.c" failed.
Compiler: /usr/local/bin/cc 
Build flags: 
Id flags:  

The output was:
2
/usr/local/bin/cc: line 14: syntax error: unexpected end of file


Compiling the C compiler identification source file "CMakeCCompilerId.c" failed.
Compiler: /usr/local/bin/cc 
Build flags: 
Id flags: -c 

The output was:
1
USAGE: contract.sh <Contract Name> from within the directory


Compiling the C compiler identification source file "CMakeCCompilerId.c" failed.
Compiler: /usr/local/bin/cc 
Build flags: 
Id flags: -Aa 

The output was:
1
USAGE: contract.sh <Contract Name> from within the directory


Compiling the C compiler identification source file "CMakeCCompilerId.c" failed.
Compiler: /usr/local/bin/cc 
Build flags: 
Id flags: -D__CLASSIC_C__ 

The output was:
1
USAGE: contract.sh <Contract Name> from within the directory


Compiling the C compiler identification source file "CMakeCCompilerId.c" failed.
Compiler: /usr/local/bin/cc 
Build flags: 
Id flags:  

The output was:
2
/usr/local/bin/cc: line 14: syntax error: unexpected end of file


Compiling the C compiler identification source file "CMakeCCompilerId.c" failed.
Compiler: /usr/local/bin/cc 
Build flags: 
Id flags: -c 

The output was:
1
USAGE: contract.sh <Contract Name> from within the directory


Compiling the C compiler identification source file "CMakeCCompilerId.c" failed.
Compiler: /usr/local/bin/cc 
Build flags: 
Id flags: -Aa 

The output was:
1
USAGE: contract.sh <Contract Name> from within the directory


Compiling the C compiler identification source file "CMakeCCompilerId.c" failed.
Compiler: /usr/local/bin/cc 
Build flags: 
Id flags: -D__CLASSIC_C__ 

The output was:
1
USAGE: contract.sh <Contract Name> from within the directory


Checking whether the C compiler is IAR using "" did not match "IAR .+ Compiler":
USAGE: contract.sh <Contract Name> from within the directory
Checking whether the C compiler is IAR using "" did not match "IAR .+ Compiler":
USAGE: contract.sh <Contract Name> from within the directory
Determining if the C compiler works failed with the following output:
Change Dir: /Users/mac/Desktop/daima/KLIN/learning/Kylinchain/eosio.contracts/cmake-build-debug/CMakeFiles/CMakeTmp

Run Build Command:"/usr/bin/make" "cmTC_cd08f/fast"
/Library/Developer/CommandLineTools/usr/bin/make -f CMakeFiles/cmTC_cd08f.dir/build.make CMakeFiles/cmTC_cd08f.dir/build
Building C object CMakeFiles/cmTC_cd08f.dir/testCCompiler.c.o
/usr/local/bin/cc    -o CMakeFiles/cmTC_cd08f.dir/testCCompiler.c.o   -c /Users/mac/Desktop/daima/KLIN/learning/Kylinchain/eosio.contracts/cmake-build-debug/CMakeFiles/CMakeTmp/testCCompiler.c
USAGE: contract.sh <Contract Name> from within the directory
make[1]: *** [CMakeFiles/cmTC_cd08f.dir/testCCompiler.c.o] Error 1
make: *** [cmTC_cd08f/fast] Error 2


Compiling the C compiler identification source file "CMakeCCompilerId.c" failed.
Compiler: /usr/local/bin/cc 
Build flags: 
Id flags:  

The output was:
2
/usr/local/bin/cc: line 14: syntax error: unexpected end of file


Compiling the C compiler identification source file "CMakeCCompilerId.c" failed.
Compiler: /usr/local/bin/cc 
Build flags: 
Id flags: -c 

The output was:
1
USAGE: contract.sh <Contract Name> from within the directory


Compiling the C compiler identification source file "CMakeCCompilerId.c" failed.
Compiler: /usr/local/bin/cc 
Build flags: 
Id flags: -Aa 

The output was:
1
USAGE: contract.sh <Contract Name> from within the directory


Compiling the C compiler identification source file "CMakeCCompilerId.c" failed.
Compiler: /usr/local/bin/cc 
Build flags: 
Id flags: -D__CLASSIC_C__ 

The output was:
1
USAGE: contract.sh <Contract Name> from within the directory


Compiling the C compiler identification source file "CMakeCCompilerId.c" failed.
Compiler: /usr/local/bin/cc 
Build flags: 
Id flags:  

The output was:
2
/usr/local/bin/cc: line 14: syntax error: unexpected end of file


Compiling the C compiler identification source file "CMakeCCompilerId.c" failed.
Compiler: /usr/local/bin/cc 
Build flags: 
Id flags: -c 

The output was:
1
USAGE: contract.sh <Contract Name> from within the directory


Compiling the C compiler identification source file "CMakeCCompilerId.c" failed.
Compiler: /usr/local/bin/cc 
Build flags: 
Id flags: -Aa 

The output was:
1
USAGE: contract.sh <Contract Name> from within the directory


Compiling the C compiler identification source file "CMakeCCompilerId.c" failed.
Compiler: /usr/local/bin/cc 
Build flags: 
Id flags: -D__CLASSIC_C__ 

The output was:
1
USAGE: contract.sh <Contract Name> from within the directory


Checking whether the C compiler is IAR using "" did not match "IAR .+ Compiler":
USAGE: contract.sh <Contract Name> from within the directory
Checking whether the C compiler is IAR using "" did not match "IAR .+ Compiler":
USAGE: contract.sh <Contract Name> from within the directory
Determining if the C compiler works failed with the following output:
Change Dir: /Users/mac/Desktop/daima/KLIN/learning/Kylinchain/eosio.contracts/cmake-build-debug/CMakeFiles/CMakeTmp

Run Build Command:"/usr/bin/make" "cmTC_f67c4/fast"
/Library/Developer/CommandLineTools/usr/bin/make -f CMakeFiles/cmTC_f67c4.dir/build.make CMakeFiles/cmTC_f67c4.dir/build
Building C object CMakeFiles/cmTC_f67c4.dir/testCCompiler.c.o
/usr/local/bin/cc    -o CMakeFiles/cmTC_f67c4.dir/testCCompiler.c.o   -c /Users/mac/Desktop/daima/KLIN/learning/Kylinchain/eosio.contracts/cmake-build-debug/CMakeFiles/CMakeTmp/testCCompiler.c
USAGE: contract.sh <Contract Name> from within the directory
make[1]: *** [CMakeFiles/cmTC_f67c4.dir/testCCompiler.c.o] Error 1
make: *** [cmTC_f67c4/fast] Error 2


Compiling the C compiler identification source file "CMakeCCompilerId.c" failed.
Compiler: /usr/local/bin/cc 
Build flags: 
Id flags:  

The output was:
2
/usr/local/bin/cc: line 14: syntax error: unexpected end of file


Compiling the C compiler identification source file "CMakeCCompilerId.c" failed.
Compiler: /usr/local/bin/cc 
Build flags: 
Id flags: -c 

The output was:
1
USAGE: contract.sh <Contract Name> from within the directory


Compiling the C compiler identification source file "CMakeCCompilerId.c" failed.
Compiler: /usr/local/bin/cc 
Build flags: 
Id flags: -Aa 

The output was:
1
USAGE: contract.sh <Contract Name> from within the directory


Compiling the C compiler identification source file "CMakeCCompilerId.c" failed.
Compiler: /usr/local/bin/cc 
Build flags: 
Id flags: -D__CLASSIC_C__ 

The output was:
1
USAGE: contract.sh <Contract Name> from within the directory


Compiling the C compiler identification source file "CMakeCCompilerId.c" failed.
Compiler: /usr/local/bin/cc 
Build flags: 
Id flags:  

The output was:
2
/usr/local/bin/cc: line 14: syntax error: unexpected end of file


Compiling the C compiler identification source file "CMakeCCompilerId.c" failed.
Compiler: /usr/local/bin/cc 
Build flags: 
Id flags: -c 

The output was:
1
USAGE: contract.sh <Contract Name> from within the directory


Compiling the C compiler identification source file "CMakeCCompilerId.c" failed.
Compiler: /usr/local/bin/cc 
Build flags: 
Id flags: -Aa 

The output was:
1
USAGE: contract.sh <Contract Name> from within the directory


Compiling the C compiler identification source file "CMakeCCompilerId.c" failed.
Compiler: /usr/local/bin/cc 
Build flags: 
Id flags: -D__CLASSIC_C__ 

The output was:
1
USAGE: contract.sh <Contract Name> from within the directory


Checking whether the C compiler is IAR using "" did not match "IAR .+ Compiler":
USAGE: contract.sh <Contract Name> from within the directory
Checking whether the C compiler is IAR using "" did not match "IAR .+ Compiler":
USAGE: contract.sh <Contract Name> from within the directory
Determining if the C compiler works failed with the following output:
Change Dir: /Users/mac/Desktop/daima/KLIN/learning/Kylinchain/eosio.contracts/cmake-build-debug/CMakeFiles/CMakeTmp

Run Build Command:"/usr/bin/make" "cmTC_65851/fast"
/Library/Developer/CommandLineTools/usr/bin/make -f CMakeFiles/cmTC_65851.dir/build.make CMakeFiles/cmTC_65851.dir/build
Building C object CMakeFiles/cmTC_65851.dir/testCCompiler.c.o
/usr/local/bin/cc    -o CMakeFiles/cmTC_65851.dir/testCCompiler.c.o   -c /Users/mac/Desktop/daima/KLIN/learning/Kylinchain/eosio.contracts/cmake-build-debug/CMakeFiles/CMakeTmp/testCCompiler.c
USAGE: contract.sh <Contract Name> from within the directory
make[1]: *** [CMakeFiles/cmTC_65851.dir/testCCompiler.c.o] Error 1
make: *** [cmTC_65851/fast] Error 2


Compiling the C compiler identification source file "CMakeCCompilerId.c" failed.
Compiler: /usr/local/bin/cc 
Build flags: 
Id flags:  

The output was:
2
/usr/local/bin/cc: line 14: syntax error: unexpected end of file


Compiling the C compiler identification source file "CMakeCCompilerId.c" failed.
Compiler: /usr/local/bin/cc 
Build flags: 
Id flags: -c 

The output was:
1
USAGE: contract.sh <Contract Name> from within the directory


Compiling the C compiler identification source file "CMakeCCompilerId.c" failed.
Compiler: /usr/local/bin/cc 
Build flags: 
Id flags: -Aa 

The output was:
1
USAGE: contract.sh <Contract Name> from within the directory


Compiling the C compiler identification source file "CMakeCCompilerId.c" failed.
Compiler: /usr/local/bin/cc 
Build flags: 
Id flags: -D__CLASSIC_C__ 

The output was:
1
USAGE: contract.sh <Contract Name> from within the directory


Compiling the C compiler identification source file "CMakeCCompilerId.c" failed.
Compiler: /usr/local/bin/cc 
Build flags: 
Id flags:  

The output was:
2
/usr/local/bin/cc: line 14: syntax error: unexpected end of file


Compiling the C compiler identification source file "CMakeCCompilerId.c" failed.
Compiler: /usr/local/bin/cc 
Build flags: 
Id flags: -c 

The output was:
1
USAGE: contract.sh <Contract Name> from within the directory


Compiling the C compiler identification source file "CMakeCCompilerId.c" failed.
Compiler: /usr/local/bin/cc 
Build flags: 
Id flags: -Aa 

The output was:
1
USAGE: contract.sh <Contract Name> from within the directory


Compiling the C compiler identification source file "CMakeCCompilerId.c" failed.
Compiler: /usr/local/bin/cc 
Build flags: 
Id flags: -D__CLASSIC_C__ 

The output was:
1
USAGE: contract.sh <Contract Name> from within the directory


Checking whether the C compiler is IAR using "" did not match "IAR .+ Compiler":
USAGE: contract.sh <Contract Name> from within the directory
Checking whether the C compiler is IAR using "" did not match "IAR .+ Compiler":
USAGE: contract.sh <Contract Name> from within the directory
Determining if the C compiler works failed with the following output:
Change Dir: /Users/mac/Desktop/daima/KLIN/learning/Kylinchain/eosio.contracts/cmake-build-debug/CMakeFiles/CMakeTmp

Run Build Command:"/usr/bin/make" "cmTC_1c58e/fast"
/Library/Developer/CommandLineTools/usr/bin/make -f CMakeFiles/cmTC_1c58e.dir/build.make CMakeFiles/cmTC_1c58e.dir/build
Building C object CMakeFiles/cmTC_1c58e.dir/testCCompiler.c.o
/usr/local/bin/cc    -o CMakeFiles/cmTC_1c58e.dir/testCCompiler.c.o   -c /Users/mac/Desktop/daima/KLIN/learning/Kylinchain/eosio.contracts/cmake-build-debug/CMakeFiles/CMakeTmp/testCCompiler.c
USAGE: contract.sh <Contract Name> from within the directory
make[1]: *** [CMakeFiles/cmTC_1c58e.dir/testCCompiler.c.o] Error 1
make: *** [cmTC_1c58e/fast] Error 2


Compiling the C compiler identification source file "CMakeCCompilerId.c" failed.
Compiler: /usr/local/bin/cc 
Build flags: 
Id flags:  

The output was:
2
/usr/local/bin/cc: line 14: syntax error: unexpected end of file


Compiling the C compiler identification source file "CMakeCCompilerId.c" failed.
Compiler: /usr/local/bin/cc 
Build flags: 
Id flags: -c 

The output was:
1
USAGE: contract.sh <Contract Name> from within the directory


Compiling the C compiler identification source file "CMakeCCompilerId.c" failed.
Compiler: /usr/local/bin/cc 
Build flags: 
Id flags: -Aa 

The output was:
1
USAGE: contract.sh <Contract Name> from within the directory


Compiling the C compiler identification source file "CMakeCCompilerId.c" failed.
Compiler: /usr/local/bin/cc 
Build flags: 
Id flags: -D__CLASSIC_C__ 

The output was:
1
USAGE: contract.sh <Contract Name> from within the directory


Compiling the C compiler identification source file "CMakeCCompilerId.c" failed.
Compiler: /usr/local/bin/cc 
Build flags: 
Id flags:  

The output was:
2
/usr/local/bin/cc: line 14: syntax error: unexpected end of file


Compiling the C compiler identification source file "CMakeCCompilerId.c" failed.
Compiler: /usr/local/bin/cc 
Build flags: 
Id flags: -c 

The output was:
1
USAGE: contract.sh <Contract Name> from within the directory


Compiling the C compiler identification source file "CMakeCCompilerId.c" failed.
Compiler: /usr/local/bin/cc 
Build flags: 
Id flags: -Aa 

The output was:
1
USAGE: contract.sh <Contract Name> from within the directory


Compiling the C compiler identification source file "CMakeCCompilerId.c" failed.
Compiler: /usr/local/bin/cc 
Build flags: 
Id flags: -D__CLASSIC_C__ 

The output was:
1
USAGE: contract.sh <Contract Name> from within the directory


Checking whether the C compiler is IAR using "" did not match "IAR .+ Compiler":
USAGE: contract.sh <Contract Name> from within the directory
Checking whether the C compiler is IAR using "" did not match "IAR .+ Compiler":
USAGE: contract.sh <Contract Name> from within the directory
Determining if the C compiler works failed with the following output:
Change Dir: /Users/mac/Desktop/daima/KLIN/learning/Kylinchain/eosio.contracts/cmake-build-debug/CMakeFiles/CMakeTmp

Run Build Command:"/usr/bin/make" "cmTC_ef886/fast"
/Library/Developer/CommandLineTools/usr/bin/make -f CMakeFiles/cmTC_ef886.dir/build.make CMakeFiles/cmTC_ef886.dir/build
Building C object CMakeFiles/cmTC_ef886.dir/testCCompiler.c.o
/usr/local/bin/cc    -o CMakeFiles/cmTC_ef886.dir/testCCompiler.c.o   -c /Users/mac/Desktop/daima/KLIN/learning/Kylinchain/eosio.contracts/cmake-build-debug/CMakeFiles/CMakeTmp/testCCompiler.c
USAGE: contract.sh <Contract Name> from within the directory
make[1]: *** [CMakeFiles/cmTC_ef886.dir/testCCompiler.c.o] Error 1
make: *** [cmTC_ef886/fast] Error 2


Compiling the C compiler identification source file "CMakeCCompilerId.c" failed.
Compiler: /usr/local/bin/cc 
Build flags: 
Id flags:  

The output was:
2
/usr/local/bin/cc: line 14: syntax error: unexpected end of file


Compiling the C compiler identification source file "CMakeCCompilerId.c" failed.
Compiler: /usr/local/bin/cc 
Build flags: 
Id flags: -c 

The output was:
1
USAGE: contract.sh <Contract Name> from within the directory


Compiling the C compiler identification source file "CMakeCCompilerId.c" failed.
Compiler: /usr/local/bin/cc 
Build flags: 
Id flags: -Aa 

The output was:
1
USAGE: contract.sh <Contract Name> from within the directory


Compiling the C compiler identification source file "CMakeCCompilerId.c" failed.
Compiler: /usr/local/bin/cc 
Build flags: 
Id flags: -D__CLASSIC_C__ 

The output was:
1
USAGE: contract.sh <Contract Name> from within the directory


Compiling the C compiler identification source file "CMakeCCompilerId.c" failed.
Compiler: /usr/local/bin/cc 
Build flags: 
Id flags:  

The output was:
2
/usr/local/bin/cc: line 14: syntax error: unexpected end of file


Compiling the C compiler identification source file "CMakeCCompilerId.c" failed.
Compiler: /usr/local/bin/cc 
Build flags: 
Id flags: -c 

The output was:
1
USAGE: contract.sh <Contract Name> from within the directory


Compiling the C compiler identification source file "CMakeCCompilerId.c" failed.
Compiler: /usr/local/bin/cc 
Build flags: 
Id flags: -Aa 

The output was:
1
USAGE: contract.sh <Contract Name> from within the directory


Compiling the C compiler identification source file "CMakeCCompilerId.c" failed.
Compiler: /usr/local/bin/cc 
Build flags: 
Id flags: -D__CLASSIC_C__ 

The output was:
1
USAGE: contract.sh <Contract Name> from within the directory


Checking whether the C compiler is IAR using "" did not match "IAR .+ Compiler":
USAGE: contract.sh <Contract Name> from within the directory
Checking whether the C compiler is IAR using "" did not match "IAR .+ Compiler":
USAGE: contract.sh <Contract Name> from within the directory
Determining if the C compiler works failed with the following output:
Change Dir: /Users/mac/Desktop/daima/KLIN/learning/Kylinchain/eosio.contracts/cmake-build-debug/CMakeFiles/CMakeTmp

Run Build Command:"/usr/bin/make" "cmTC_d123e/fast"
/Library/Developer/CommandLineTools/usr/bin/make -f CMakeFiles/cmTC_d123e.dir/build.make CMakeFiles/cmTC_d123e.dir/build
Building C object CMakeFiles/cmTC_d123e.dir/testCCompiler.c.o
/usr/local/bin/cc    -o CMakeFiles/cmTC_d123e.dir/testCCompiler.c.o   -c /Users/mac/Desktop/daima/KLIN/learning/Kylinchain/eosio.contracts/cmake-build-debug/CMakeFiles/CMakeTmp/testCCompiler.c
USAGE: contract.sh <Contract Name> from within the directory
make[1]: *** [CMakeFiles/cmTC_d123e.dir/testCCompiler.c.o] Error 1
make: *** [cmTC_d123e/fast] Error 2


Compiling the C compiler identification source file "CMakeCCompilerId.c" failed.
Compiler: /usr/local/bin/cc 
Build flags: 
Id flags:  

The output was:
2
/usr/local/bin/cc: line 14: syntax error: unexpected end of file


Compiling the C compiler identification source file "CMakeCCompilerId.c" failed.
Compiler: /usr/local/bin/cc 
Build flags: 
Id flags: -c 

The output was:
1
USAGE: contract.sh <Contract Name> from within the directory


Compiling the C compiler identification source file "CMakeCCompilerId.c" failed.
Compiler: /usr/local/bin/cc 
Build flags: 
Id flags: -Aa 

The output was:
1
USAGE: contract.sh <Contract Name> from within the directory


Compiling the C compiler identification source file "CMakeCCompilerId.c" failed.
Compiler: /usr/local/bin/cc 
Build flags: 
Id flags: -D__CLASSIC_C__ 

The output was:
1
USAGE: contract.sh <Contract Name> from within the directory


Compiling the C compiler identification source file "CMakeCCompilerId.c" failed.
Compiler: /usr/local/bin/cc 
Build flags: 
Id flags:  

The output was:
2
/usr/local/bin/cc: line 14: syntax error: unexpected end of file


Compiling the C compiler identification source file "CMakeCCompilerId.c" failed.
Compiler: /usr/local/bin/cc 
Build flags: 
Id flags: -c 

The output was:
1
USAGE: contract.sh <Contract Name> from within the directory


Compiling the C compiler identification source file "CMakeCCompilerId.c" failed.
Compiler: /usr/local/bin/cc 
Build flags: 
Id flags: -Aa 

The output was:
1
USAGE: contract.sh <Contract Name> from within the directory


Compiling the C compiler identification source file "CMakeCCompilerId.c" failed.
Compiler: /usr/local/bin/cc 
Build flags: 
Id flags: -D__CLASSIC_C__ 

The output was:
1
USAGE: contract.sh <Contract Name> from within the directory


Checking whether the C compiler is IAR using "" did not match "IAR .+ Compiler":
USAGE: contract.sh <Contract Name> from within the directory
Checking whether the C compiler is IAR using "" did not match "IAR .+ Compiler":
USAGE: contract.sh <Contract Name> from within the directory
Determining if the C compiler works failed with the following output:
Change Dir: /Users/mac/Desktop/daima/KLIN/learning/Kylinchain/eosio.contracts/cmake-build-debug/CMakeFiles/CMakeTmp

Run Build Command:"/usr/bin/make" "cmTC_17917/fast"
/Library/Developer/CommandLineTools/usr/bin/make -f CMakeFiles/cmTC_17917.dir/build.make CMakeFiles/cmTC_17917.dir/build
Building C object CMakeFiles/cmTC_17917.dir/testCCompiler.c.o
/usr/local/bin/cc    -o CMakeFiles/cmTC_17917.dir/testCCompiler.c.o   -c /Users/mac/Desktop/daima/KLIN/learning/Kylinchain/eosio.contracts/cmake-build-debug/CMakeFiles/CMakeTmp/testCCompiler.c
USAGE: contract.sh <Contract Name> from within the directory
make[1]: *** [CMakeFiles/cmTC_17917.dir/testCCompiler.c.o] Error 1
make: *** [cmTC_17917/fast] Error 2


Compiling the C compiler identification source file "CMakeCCompilerId.c" failed.
Compiler: /usr/local/bin/cc 
Build flags: 
Id flags:  

The output was:
No such file or directory


Compiling the C compiler identification source file "CMakeCCompilerId.c" failed.
Compiler: /usr/local/bin/cc 
Build flags: 
Id flags: -c 

The output was:
No such file or directory


Compiling the C compiler identification source file "CMakeCCompilerId.c" failed.
Compiler: /usr/local/bin/cc 
Build flags: 
Id flags: -Aa 

The output was:
No such file or directory


Compiling the C compiler identification source file "CMakeCCompilerId.c" failed.
Compiler: /usr/local/bin/cc 
Build flags: 
Id flags: -D__CLASSIC_C__ 

The output was:
No such file or directory


Compiling the C compiler identification source file "CMakeCCompilerId.c" failed.
Compiler: /usr/local/bin/cc 
Build flags: 
Id flags:  

The output was:
No such file or directory


Compiling the C compiler identification source file "CMakeCCompilerId.c" failed.
Compiler: /usr/local/bin/cc 
Build flags: 
Id flags: -c 

The output was:
No such file or directory


Compiling the C compiler identification source file "CMakeCCompilerId.c" failed.
Compiler: /usr/local/bin/cc 
Build flags: 
Id flags: -Aa 

The output was:
No such file or directory


Compiling the C compiler identification source file "CMakeCCompilerId.c" failed.
Compiler: /usr/local/bin/cc 
Build flags: 
Id flags: -D__CLASSIC_C__ 

The output was:
No such file or directory


Checking whether the C compiler is IAR using "" did not match "IAR .+ Compiler":
Checking whether the C compiler is IAR using "" did not match "IAR .+ Compiler":
Compiling the C compiler identification source file "CMakeCCompilerId.c" failed.
Compiler: /usr/local/bin/cc 
Build flags: 
Id flags:  

The output was:
No such file or directory


Compiling the C compiler identification source file "CMakeCCompilerId.c" failed.
Compiler: /usr/local/bin/cc 
Build flags: 
Id flags: -c 

The output was:
No such file or directory


Compiling the C compiler identification source file "CMakeCCompilerId.c" failed.
Compiler: /usr/local/bin/cc 
Build flags: 
Id flags: -Aa 

The output was:
No such file or directory


Compiling the C compiler identification source file "CMakeCCompilerId.c" failed.
Compiler: /usr/local/bin/cc 
Build flags: 
Id flags: -D__CLASSIC_C__ 

The output was:
No such file or directory


Compiling the C compiler identification source file "CMakeCCompilerId.c" failed.
Compiler: /usr/local/bin/cc 
Build flags: 
Id flags:  

The output was:
No such file or directory


Compiling the C compiler identification source file "CMakeCCompilerId.c" failed.
Compiler: /usr/local/bin/cc 
Build flags: 
Id flags: -c 

The output was:
No such file or directory


Compiling the C compiler identification source file "CMakeCCompilerId.c" failed.
Compiler: /usr/local/bin/cc 
Build flags: 
Id flags: -Aa 

The output was:
No such file or directory


Compiling the C compiler identification source file "CMakeCCompilerId.c" failed.
Compiler: /usr/local/bin/cc 
Build flags: 
Id flags: -D__CLASSIC_C__ 

The output was:
No such file or directory


Checking whether the C compiler is IAR using "" did not match "IAR .+ Compiler":
Checking whether the C compiler is IAR using "" did not match "IAR .+ Compiler":
